[debug] [2022-12-01T06:41:32.207Z] ----------------------------------------------------------------------
[debug] [2022-12-01T06:41:32.208Z] Command:       /usr/local/bin/node /usr/local/bin/firebase init
[debug] [2022-12-01T06:41:32.208Z] CLI Version:   11.16.1
[debug] [2022-12-01T06:41:32.208Z] Platform:      darwin
[debug] [2022-12-01T06:41:32.208Z] Node Version:  v16.15.0
[debug] [2022-12-01T06:41:32.209Z] Time:          Thu Dec 01 2022 08:41:32 GMT+0200 (Восточная Европа, стандартное время)
[debug] [2022-12-01T06:41:32.209Z] ----------------------------------------------------------------------
[debug] 
[debug] [2022-12-01T06:41:32.239Z] > command requires scopes: ["email","openid","https://www.googleapis.com/auth/cloudplatformprojects.readonly","https://www.googleapis.com/auth/firebase","https://www.googleapis.com/auth/cloud-platform"]
[debug] [2022-12-01T06:41:32.239Z] > authorizing via signed-in user (alex.fursal2o16@gmail.com)
[info] 
     ######## #### ########  ######## ########     ###     ######  ########
     ##        ##  ##     ## ##       ##     ##  ##   ##  ##       ##
     ######    ##  ########  ######   ########  #########  ######  ######
     ##        ##  ##    ##  ##       ##     ## ##     ##       ## ##
     ##       #### ##     ## ######## ########  ##     ##  ######  ########

You're about to initialize a Firebase project in this directory:

  /Users/Web_DEV/Black-Rock-Shooter

Before we get started, keep in mind:

  * You are currently outside your home directory
  * You are initializing within an existing Firebase project directory

[info] 
=== Project Setup
[info] 
[info] First, let's associate this project directory with a Firebase project.
[info] You can create multiple project aliases by running firebase use --add, 
[info] but for now we'll just set up a default project.
[info] 
[debug] [2022-12-01T06:41:37.720Z] Using project from CLI flag: black-rock-shooter-2904d
[debug] [2022-12-01T06:41:37.723Z] >>> [apiv2][query] GET https://firebase.googleapis.com/v1beta1/projects/black-rock-shooter-2904d [none]
[debug] [2022-12-01T06:41:38.090Z] <<< [apiv2][status] GET https://firebase.googleapis.com/v1beta1/projects/black-rock-shooter-2904d 200
[debug] [2022-12-01T06:41:38.091Z] <<< [apiv2][body] GET https://firebase.googleapis.com/v1beta1/projects/black-rock-shooter-2904d {"projectId":"black-rock-shooter-2904d","projectNumber":"68717571625","displayName":"Black Rock Shooter","name":"projects/black-rock-shooter-2904d","resources":{"hostingSite":"black-rock-shooter-2904d"},"state":"ACTIVE","etag":"1_0e540cc7-a73e-4c61-8530-e9365e06ea73"}
[info] i  Using project black-rock-shooter-2904d (Black Rock Shooter) 
[info] 
=== Hosting Setup
[info] 
[info] Your public directory is the folder (relative to your project directory) that
[info] will contain Hosting assets to be uploaded with firebase deploy. If you
[info] have a build process for your assets, use your build's output directory.
[info] 
[info] i  Skipping write of public/404.html 
[debug] [2022-12-01T06:41:57.002Z] >>> [apiv2][query] GET https://www.gstatic.com/firebasejs/releases.json [none]
[debug] [2022-12-01T06:41:57.107Z] <<< [apiv2][status] GET https://www.gstatic.com/firebasejs/releases.json 200
[debug] [2022-12-01T06:41:57.107Z] <<< [apiv2][body] GET https://www.gstatic.com/firebasejs/releases.json {"current":{"version":"9.14.0","browserURL":"https://www.gstatic.com/firebasejs/9.14.0/firebase.js","packageURL":"https://www.gstatic.com/firebasejs/9.14.0/firebase.tgz"},"live":{"version":"9.14","browserURL":"https://www.gstatic.com/firebasejs/live/9.14/firebase.js","packageURL":"https://www.gstatic.com/firebasejs/live/9.14/firebase.tgz"},"components":{"analytics":"https://www.gstatic.com/firebasejs/9.14.0/firebase-analytics.js","app":"https://www.gstatic.com/firebasejs/9.14.0/firebase-app.js","app-check":"https://www.gstatic.com/firebasejs/9.14.0/firebase-app-check.js","auth":"https://www.gstatic.com/firebasejs/9.14.0/firebase-auth.js","auth/cordova":"https://www.gstatic.com/firebasejs/9.14.0/firebase-auth/cordova.js","auth/react-native":"https://www.gstatic.com/firebasejs/9.14.0/firebase-auth/react-native.js","functions":"https://www.gstatic.com/firebasejs/9.14.0/firebase-functions.js","firestore":"https://www.gstatic.com/firebasejs/9.14.0/firebase-firestore.js","firestore/lite":"https://www.gstatic.com/firebasejs/9.14.0/firebase-firestore/lite.js","installations":"https://www.gstatic.com/firebasejs/9.14.0/firebase-installations.js","storage":"https://www.gstatic.com/firebasejs/9.14.0/firebase-storage.js","performance":"https://www.gstatic.com/firebasejs/9.14.0/firebase-performance.js","remote-config":"https://www.gstatic.com/firebasejs/9.14.0/firebase-remote-config.js","messaging":"https://www.gstatic.com/firebasejs/9.14.0/firebase-messaging.js","messaging/sw":"https://www.gstatic.com/firebasejs/9.14.0/firebase-messaging/sw.js","database":"https://www.gstatic.com/firebasejs/9.14.0/firebase-database.js","firestore.memory":"https://www.gstatic.com/firebasejs/9.14.0/firebase-firestore.memory.js"}}
[info] ✔  Wrote public/index.html 
[info] 
[info] i  Detected a .git folder at /Users/Web_DEV/Black-Rock-Shooter 
[info] i  Authorizing with GitHub to upload your service account to a GitHub repository's secrets store. 
[info] 
[info] Visit this URL on this device to log in:
[info] https://github.com/login/oauth/authorize?client_id=89cf50f02ac6aaed3484&state=954469964&redirect_uri=http%3A%2F%2Flocalhost%3A9005&scope=read%3Auser%20repo%20public_repo
[info] 
[info] Waiting for authentication...
[debug] [2022-12-01T06:42:15.231Z] >>> [apiv2][query] POST https://github.com/login/oauth/access_token [none]
[debug] [2022-12-01T06:42:15.232Z] >>> [apiv2][body] POST https://github.com/login/oauth/access_token [stream]
[debug] [2022-12-01T06:42:15.533Z] <<< [apiv2][status] POST https://github.com/login/oauth/access_token 200
[debug] [2022-12-01T06:42:15.533Z] <<< [apiv2][body] POST https://github.com/login/oauth/access_token {"access_token":"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","token_type":"bearer","scope":"read:user,repo"}
[debug] [2022-12-01T06:42:15.545Z] >>> [apiv2][query] GET https://api.github.com/user [none]
[debug] [2022-12-01T06:42:15.870Z] <<< [apiv2][status] GET https://api.github.com/user 200
[debug] [2022-12-01T06:42:15.871Z] <<< [apiv2][body] GET https://api.github.com/user {"login":"EqualizeR12","id":101657226,"node_id":"U_kgDOBg8qig","avatar_url":"https://avatars.githubusercontent.com/u/101657226?v=4","gravatar_id":"","url":"https://api.github.com/users/EqualizeR12","html_url":"https://github.com/EqualizeR12","followers_url":"https://api.github.com/users/EqualizeR12/followers","following_url":"https://api.github.com/users/EqualizeR12/following{/other_user}","gists_url":"https://api.github.com/users/EqualizeR12/gists{/gist_id}","starred_url":"https://api.github.com/users/EqualizeR12/starred{/owner}{/repo}","subscriptions_url":"https://api.github.com/users/EqualizeR12/subscriptions","organizations_url":"https://api.github.com/users/EqualizeR12/orgs","repos_url":"https://api.github.com/users/EqualizeR12/repos","events_url":"https://api.github.com/users/EqualizeR12/events{/privacy}","received_events_url":"https://api.github.com/users/EqualizeR12/received_events","type":"User","site_admin":false,"name":"Alex Fursal","company":null,"blog":"","location":null,"email":null,"hireable":null,"bio":"В данный момент обучаюсь на веб-разработчика. В будущем буду предоставлять услуги по разработке ваших сайтов ","twitter_username":null,"public_repos":8,"public_gists":0,"followers":2,"following":2,"created_at":"2022-03-15T15:55:51Z","updated_at":"2022-11-17T20:34:44Z","private_gists":0,"total_private_repos":0,"owned_private_repos":0,"disk_usage":260752,"collaborators":0,"two_factor_authentication":false,"plan":{"name":"free","space":976562499,"collaborators":0,"private_repos":10000}}
[info] 
[info] ✔  Success! Logged into GitHub as EqualizeR12 
[info] 
[debug] [2022-12-01T06:42:31.258Z] >>> [apiv2][query] GET https://api.github.com/repos//actions/secrets/public-key type=owner
[debug] [2022-12-01T06:42:31.482Z] <<< [apiv2][status] GET https://api.github.com/repos//actions/secrets/public-key 404
[debug] [2022-12-01T06:42:31.482Z] <<< [apiv2][body] GET https://api.github.com/repos//actions/secrets/public-key {"message":"Not Found","documentation_url":"https://docs.github.com/rest"}
